app/proguard-rules.txt
-optimizationpasses 5

-dontusemixedcaseclassnames

-dontskipnonpubliclibraryclasses

-dontpreverify

-verbose

-optimizations !code/simplification/arithmetic,!field/*,!class/merging/*


-keep public class * extends android.app.Activity

-keep public class * extends android.app.Application

-keep public class * extends android.app.Service

-keep public class * extends android.content.BroadcastReceiver

-keep public class * extends android.content.ContentProvider

-keep public class com.android.vending.licensing.ILicensingService

-dontwarn com.jiusg.mainscreenshow.service.**

-keep class com.jiusg.mainscreenshow.service.** {*;}

-renamesourcefileattribute SourceFile
-keepattributes SourceFile,LineNumberTable