app/build/outputs/mapping/release/seeds.txt
com.jiusg.mainscreenshow.R$array: int Frame
com.jiusg.mainscreenshow.R$array: int Frame_Value
com.jiusg.mainscreenshow.R$array: int RAMLimit
com.jiusg.mainscreenshow.R$array: int RAMLimit_VALUE
com.jiusg.mainscreenshow.R$color: int allAlpha
com.jiusg.mainscreenshow.R$color: int blue
com.jiusg.mainscreenshow.R$color: int button_press
com.jiusg.mainscreenshow.R$color: int button_unpress
com.jiusg.mainscreenshow.R$color: int white
com.jiusg.mainscreenshow.R$dimen: int activity_horizontal_margin
com.jiusg.mainscreenshow.R$dimen: int activity_vertical_margin
com.jiusg.mainscreenshow.R$drawable: int bubble_background
com.jiusg.mainscreenshow.R$drawable: int bubble_blue
com.jiusg.mainscreenshow.R$drawable: int bubble_chunblue
com.jiusg.mainscreenshow.R$drawable: int bubble_green
com.jiusg.mainscreenshow.R$drawable: int bubble_grey
com.jiusg.mainscreenshow.R$drawable: int bubble_pink
com.jiusg.mainscreenshow.R$drawable: int bubble_purple
com.jiusg.mainscreenshow.R$drawable: int bubble_qianblue
com.jiusg.mainscreenshow.R$drawable: int bubble_qianpink
com.jiusg.mainscreenshow.R$drawable: int bubble_qing
com.jiusg.mainscreenshow.R$drawable: int bubble_red
com.jiusg.mainscreenshow.R$drawable: int bubble_yellow
com.jiusg.mainscreenshow.R$drawable: int button
com.jiusg.mainscreenshow.R$drawable: int button_press
com.jiusg.mainscreenshow.R$drawable: int button_press_
com.jiusg.mainscreenshow.R$drawable: int button_unpress
com.jiusg.mainscreenshow.R$drawable: int button_unpress_
com.jiusg.mainscreenshow.R$drawable: int circle_selected
com.jiusg.mainscreenshow.R$drawable: int circle_unselected
com.jiusg.mainscreenshow.R$drawable: int delete
com.jiusg.mainscreenshow.R$drawable: int event
com.jiusg.mainscreenshow.R$drawable: int ic_add
com.jiusg.mainscreenshow.R$drawable: int ic_back
com.jiusg.mainscreenshow.R$drawable: int ic_clear
com.jiusg.mainscreenshow.R$drawable: int ic_delete
com.jiusg.mainscreenshow.R$drawable: int ic_event
com.jiusg.mainscreenshow.R$drawable: int ic_event_press
com.jiusg.mainscreenshow.R$drawable: int ic_help
com.jiusg.mainscreenshow.R$id: int action_add
com.jiusg.mainscreenshow.R$id: int action_clear
com.jiusg.mainscreenshow.R$id: int action_delete
com.jiusg.mainscreenshow.R$id: int action_help
com.jiusg.mainscreenshow.R$id: int actionbar_event
com.jiusg.mainscreenshow.R$id: int actionbar_preview
com.jiusg.mainscreenshow.R$id: int actionbar_separate
com.jiusg.mainscreenshow.R$id: int actionbar_setting
com.jiusg.mainscreenshow.R$id: int actionbar_title
com.jiusg.mainscreenshow.R$id: int bt_gv
com.jiusg.mainscreenshow.R$id: int bt_previewA
com.jiusg.mainscreenshow.R$id: int button_vp
com.jiusg.mainscreenshow.R$id: int edit_fb
com.jiusg.mainscreenshow.R$id: int edit_fb_qq
com.jiusg.mainscreenshow.R$id: int gv_mss
com.jiusg.mainscreenshow.R$id: int gv_pwc
com.jiusg.mainscreenshow.R$id: int img_gv
com.jiusg.mainscreenshow.R$id: int img_gv_pwc
com.jiusg.mainscreenshow.R$id: int img_gv_pwc_del
com.jiusg.mainscreenshow.R$id: int img_mss
com.jiusg.mainscreenshow.R$id: int img_previewA
com.jiusg.mainscreenshow.R$id: int img_rain
com.jiusg.mainscreenshow.R$id: int img_vp
com.jiusg.mainscreenshow.R$id: int img_vp_page1
com.jiusg.mainscreenshow.R$id: int img_vp_page2
com.jiusg.mainscreenshow.R$id: int img_vp_page3
com.jiusg.mainscreenshow.R$id: int img_vp_page4
com.jiusg.mainscreenshow.R$id: int iv_mssevent
com.jiusg.mainscreenshow.R$id: int iv_mssevent_oc
com.jiusg.mainscreenshow.R$id: int list_help
com.jiusg.mainscreenshow.R$id: int list_mss
com.jiusg.mainscreenshow.R$id: int menu_exit
...
android.support.v4.app.FragmentManagerState: android.os.Parcelable$Creator CREATOR
android.support.v4.app.FragmentState: android.os.Parcelable$Creator CREATOR
android.support.v4.app.FragmentTabHost: void setOnTabChangedListener(android.widget.TabHost$OnTabChangeListener)
android.support.v4.app.FragmentTabHost$SavedState: android.os.Parcelable$Creator CREATOR
android.support.v4.app.NotificationCompatSideChannelService
android.support.v4.content.FileProvider
android.support.v4.content.ModernAsyncTask$Status: android.support.v4.content.ModernAsyncTask$Status[] values()
android.support.v4.content.ModernAsyncTask$Status: android.support.v4.content.ModernAsyncTask$Status valueOf(java.lang.String)
android.support.v4.content.WakefulBroadcastReceiver
android.support.v4.media.MediaDescriptionCompat: android.os.Parcelable$Creator CREATOR
android.support.v4.media.MediaMetadataCompat: android.os.Parcelable$Creator CREATOR
android.support.v4.media.RatingCompat: android.os.Parcelable$Creator CREATOR
android.support.v4.media.session.MediaSessionCompat$QueueItem: android.os.Parcelable$Creator CREATOR
android.support.v4.media.session.MediaSessionCompat$ResultReceiverWrapper: android.os.Parcelable$Creator CREATOR
android.support.v4.media.session.MediaSessionCompat$Token: android.os.Parcelable$Creator CREATOR
android.support.v4.media.session.ParcelableVolumeInfo: android.os.Parcelable$Creator CREATOR
android.support.v4.media.session.PlaybackStateCompat: android.os.Parcelable$Creator CREATOR
android.support.v4.media.session.PlaybackStateCompat$CustomAction: android.os.Parcelable$Creator CREATOR
android.support.v4.view.PagerTabStrip: void setTabIndicatorColor(int)
android.support.v4.view.PagerTabStrip: void setTabIndicatorColorResource(int)
android.support.v4.view.PagerTabStrip: int getTabIndicatorColor()
android.support.v4.view.PagerTabStrip: void setTextSpacing(int)
android.support.v4.view.PagerTabStrip: void setBackgroundDrawable(android.graphics.drawable.Drawable)
android.support.v4.view.PagerTabStrip: void setBackgroundColor(int)
android.support.v4.view.PagerTabStrip: void setBackgroundResource(int)
android.support.v4.view.PagerTabStrip: void setDrawFullUnderline(boolean)
android.support.v4.view.PagerTabStrip: boolean getDrawFullUnderline()
android.support.v4.view.PagerTabStrip: int getMinHeight()
android.support.v4.view.PagerTitleStrip: void setSingleLineAllCaps(android.widget.TextView)
android.support.v4.view.PagerTitleStrip: void setTextSpacing(int)
android.support.v4.view.PagerTitleStrip: int getTextSpacing()
android.support.v4.view.PagerTitleStrip: void setNonPrimaryAlpha(float)
android.support.v4.view.PagerTitleStrip: void setTextColor(int)
android.support.v4.view.PagerTitleStrip: void setGravity(int)
android.support.v4.view.PagerTitleStrip: int getMinHeight()