app/build/outputs/mapping/release/mapping.txt
com.jiusg.mainscreenshow.animation.anim.Animation -> com.jiusg.mainscreenshow.a.a.a:
    android.content.Context context -> a
    int speed -> b
    android.graphics.Paint backgroundPaint -> c
    android.graphics.Paint paint -> d
    android.content.SharedPreferences sp -> k
    int screenheight -> e
    int screenwidth -> f
    android.graphics.Bitmap background -> g
    int animation -> h
    android.content.SharedPreferences settingInfo -> i
    int event -> j
    52:79:void initAnimation() -> a
    82:91:void setBackground() -> b
    int getBackground() -> c
    int getAnimation() -> d
    void draw(android.graphics.Canvas) -> a
    void count() -> e
com.jiusg.mainscreenshow.animation.anim.AnimationManage -> com.jiusg.mainscreenshow.a.a.b:
    int animLenght -> a
    java.util.ArrayList animList -> b
    android.content.Context context -> c
    android.view.WindowManager windowManager -> d
    android.view.WindowManager$LayoutParams wmParams -> e
    com.jiusg.mainscreenshow.animation.anim.AnimationView animView -> f
    32:33:void init() -> b
    36:43:void startAnimation(int,int) -> a
    46:48:void stopAnimation() -> a
    51:55:com.jiusg.mainscreenshow.animation.anim.AnimationView checkAnimation(int,int) -> b
    61:70:com.jiusg.mainscreenshow.animation.anim.AnimationView instanceAnimationView(int,int) -> c
    74:79:com.jiusg.mainscreenshow.animation.anim.AnimationManage$Animation instanceAnimation(int,int) -> d
com.jiusg.mainscreenshow.animation.anim.AnimationManage$Animation -> com.jiusg.mainscreenshow.a.a.c:
    int event -> a
    int anim -> b
    com.jiusg.mainscreenshow.animation.anim.AnimationView animationView -> c
    com.jiusg.mainscreenshow.animation.anim.AnimationManage this$0 -> d
com.jiusg.mainscreenshow.animation.anim.AnimationView -> com.jiusg.mainscreenshow.a.a.d:
    int anim -> a
    com.jiusg.mainscreenshow.animation.anim.Animation animation -> b
    android.view.SurfaceHolder mSurfaceHolder -> c
    android.content.Context context -> d
    int frame -> e
    int speed -> f
    com.jiusg.mainscreenshow.animation.anim.AnimationView$DrawThread drawThread -> g
    com.jiusg.mainscreenshow.animation.anim.AnimationView$CountThread countThread -> h
    boolean isLoopDraw -> i
    boolean isLoopCount -> j
    boolean isVisible -> k
    int event -> l
    java.lang.String TAG -> m
    53:55:void init() -> b
    64:79:com.jiusg.mainscreenshow.animation.anim.Animation instanceAnimation(int) -> a
    83:90:void startAnimation() -> c
    100:105:void stopAnimation() -> a
    109:111:void surfaceCreated(android.view.SurfaceHolder) -> surfaceCreated
    116:116:void surfaceChanged(android.view.SurfaceHolder,int,int,int) -> surfaceChanged
    120:122:void surfaceDestroyed(android.view.SurfaceHolder) -> surfaceDestroyed
    20:20:boolean access$000(com.jiusg.mainscreenshow.animation.anim.AnimationView) -> a
    20:20:android.view.SurfaceHolder access$100(com.jiusg.mainscreenshow.animation.anim.AnimationView) -> b
    20:20:com.jiusg.mainscreenshow.animation.anim.Animation access$200(com.jiusg.mainscreenshow.animation.anim.AnimationView) -> c
    20:20:int access$300(com.jiusg.mainscreenshow.animation.anim.AnimationView) -> d
com.jiusg.mainscreenshow.animation.anim.AnimationView$CountThread -> com.jiusg.mainscreenshow.a.a.e:
    com.jiusg.mainscreenshow.animation.anim.AnimationView this$0 -> a
    163:174:void run() -> run
com.jiusg.mainscreenshow.animation.anim.AnimationView$DrawThread -> com.jiusg.mainscreenshow.a.a.f:
    android.graphics.Canvas canvas -> b
    com.jiusg.mainscreenshow.animation.anim.AnimationView this$0 -> a
    130:157:void run() -> run
...
net.youmi.android.a.a.k.c.c -> net.youmi.android.a.a.k.c.c:
    android.graphics.drawable.NinePatchDrawable a -> a
    android.widget.RelativeLayout a(android.content.Context,java.lang.String,int) -> a
    android.graphics.drawable.NinePatchDrawable a(android.content.Context) -> a
net.youmi.android.a.a.k.d -> net.youmi.android.a.a.k.d:
    android.widget.RelativeLayout a -> a
    android.widget.LinearLayout b -> b
    android.widget.RelativeLayout c -> c
    android.widget.ImageView d -> d
    android.widget.TextView e -> e
    android.widget.TextView f -> f
    android.widget.TextView g -> g
    android.widget.TextView h -> h
    android.widget.TextView i -> i
    android.widget.TextView j -> j
    net.youmi.android.a.a.k.j k -> k
    android.view.GestureDetector l -> l
    android.view.GestureDetector m -> m
    android.view.View n -> n
    int o -> o
    net.youmi.android.a.a.k.a p -> p
    void a(android.content.Context) -> a
    void b(android.content.Context) -> b
    void a(android.content.Context,boolean) -> a
    void a() -> a
    void setLogoVisibility(int) -> setLogoVisibility
    void setPointsLayoutVisibility(int) -> setPointsLayoutVisibility
    void setBackBtnVisibiity(int) -> setBackBtnVisibiity
    void setTitle(java.lang.CharSequence) -> setTitle
    void setPointsUnit(java.lang.CharSequence) -> setPointsUnit
    void setPoints(java.lang.String) -> setPoints
    void setTitleBackgroundColor(int) -> setTitleBackgroundColor
    java.lang.String a(java.lang.String) -> a
    void onClick(android.view.View) -> onClick
    android.widget.TextView a(net.youmi.android.a.a.k.d) -> a
    android.view.GestureDetector b(net.youmi.android.a.a.k.d) -> b
    android.view.GestureDetector c(net.youmi.android.a.a.k.d) -> c
net.youmi.android.a.a.k.e -> net.youmi.android.a.a.k.e:
    int a -> a
    net.youmi.android.a.a.k.d b -> b
    void onGlobalLayout() -> onGlobalLayout
net.youmi.android.a.a.k.f -> net.youmi.android.a.a.k.f:
    net.youmi.android.a.a.k.e a -> a
    void draw(android.graphics.Canvas,android.graphics.Paint) -> draw
net.youmi.android.a.a.k.g -> net.youmi.android.a.a.k.g:
    net.youmi.android.a.a.k.d a -> a
    boolean onTouch(android.view.View,android.view.MotionEvent) -> onTouch
net.youmi.android.a.a.k.h -> net.youmi.android.a.a.k.h:
    net.youmi.android.a.a.k.d a -> a
    boolean onTouch(android.view.View,android.view.MotionEvent) -> onTouch
net.youmi.android.a.a.k.i -> net.youmi.android.a.a.k.i:
    int b -> b
    float c -> c
    float d -> d
    float e -> e
    float f -> f
    net.youmi.android.a.a.k.d a -> a
    boolean onScroll(android.view.MotionEvent,android.view.MotionEvent,float,float) -> onScroll
    boolean onFling(android.view.MotionEvent,android.view.MotionEvent,float,float) -> onFling
    boolean onSingleTapUp(android.view.MotionEvent) -> onSingleTapUp
    boolean onSingleTapConfirmed(android.view.MotionEvent) -> onSingleTapConfirmed
    void onLongPress(android.view.MotionEvent) -> onLongPress
    boolean onDown(android.view.MotionEvent) -> onDown
    void onShowPress(android.view.MotionEvent) -> onShowPress
    boolean onDoubleTap(android.view.MotionEvent) -> onDoubleTap
    boolean onDoubleTapEvent(android.view.MotionEvent) -> onDoubleTapEvent
net.youmi.android.a.a.k.j -> net.youmi.android.a.a.k.j:
    void g() -> g
    void h() -> h
    void i() -> i
    void j() -> j
    void k() -> k
net.youmi.android.a.a.k.k -> net.youmi.android.a.a.k.k:
net.youmi.android.a.a.k.l -> net.youmi.android.a.a.k.l:
    net.youmi.android.a.b.l.e a -> a
    android.view.animation.Animation b -> b
    net.youmi.android.a.a.k.l a(android.content.Context,android.view.View,int) -> a
    void a() -> a
net.youmi.android.a.b.a -> net.youmi.android.a.b.a:
    java.lang.String b() -> a
    java.lang.String c() -> b
    java.lang.String d() -> c
    java.lang.String e() -> d
    java.lang.String f() -> e
    java.lang.String g() -> f
    java.lang.String h() -> g
    java.lang.String i() -> h