app/build/outputs/mapping/release/usage.txt
com.jiusg.mainscreenshow.BuildConfig
com.jiusg.mainscreenshow.R
com.jiusg.mainscreenshow.R$array
com.jiusg.mainscreenshow.R$attr
com.jiusg.mainscreenshow.R$color
com.jiusg.mainscreenshow.R$dimen
com.jiusg.mainscreenshow.R$drawable
com.jiusg.mainscreenshow.R$id
com.jiusg.mainscreenshow.R$layout
com.jiusg.mainscreenshow.R$menu
com.jiusg.mainscreenshow.R$string
com.jiusg.mainscreenshow.R$style
com.jiusg.mainscreenshow.R$xml
com.jiusg.mainscreenshow.animation.Bubble
com.jiusg.mainscreenshow.animation.BubbleCount
com.jiusg.mainscreenshow.animation.BubbleSetting
com.jiusg.mainscreenshow.animation.BubbleSpeed
com.jiusg.mainscreenshow.animation.BubbleView
com.jiusg.mainscreenshow.animation.BubbleView$1
com.jiusg.mainscreenshow.animation.BubbleView$2
com.jiusg.mainscreenshow.animation.BubbleView$BubbleCountHandler
com.jiusg.mainscreenshow.animation.BubbleView$BubbleHandler
com.jiusg.mainscreenshow.animation.PictureWall
com.jiusg.mainscreenshow.animation.PictureWallSetting
com.jiusg.mainscreenshow.animation.PictureWallView
com.jiusg.mainscreenshow.animation.PictureWallView$1
com.jiusg.mainscreenshow.animation.PictureWallView$2
com.jiusg.mainscreenshow.animation.PictureWallView$mHandler
com.jiusg.mainscreenshow.animation.PictureWallView$periodHandler
com.jiusg.mainscreenshow.animation.Rain
com.jiusg.mainscreenshow.animation.RainSetting
com.jiusg.mainscreenshow.animation.RainView
com.jiusg.mainscreenshow.animation.RainView$1
com.jiusg.mainscreenshow.animation.RainView$2
com.jiusg.mainscreenshow.animation.RainView$RainCountHandler
com.jiusg.mainscreenshow.animation.RainView$RainHandler
com.jiusg.mainscreenshow.animation.Starshine
com.jiusg.mainscreenshow.animation.StarshineDynamic
com.jiusg.mainscreenshow.animation.StarshineMeteor
com.jiusg.mainscreenshow.animation.StarshineSetting
com.jiusg.mainscreenshow.animation.StarshineView
com.jiusg.mainscreenshow.animation.StarshineView$1
com.jiusg.mainscreenshow.animation.StarshineView$2
com.jiusg.mainscreenshow.animation.StarshineView$StarshineCountHandler
com.jiusg.mainscreenshow.animation.StarshineView$StarshineHandler
com.jiusg.mainscreenshow.animation.anim.AnimationView:
    94:97:public void reset()
com.jiusg.mainscreenshow.animation.bubble.Bubble:
    79:79:public boolean isFalg()
com.jiusg.mainscreenshow.animation.bubble.BubbleView
com.jiusg.mainscreenshow.animation.bubble.BubbleView$1
com.jiusg.mainscreenshow.animation.bubble.BubbleView$2
com.jiusg.mainscreenshow.animation.bubble.BubbleView$BubbleCountHandler
com.jiusg.mainscreenshow.animation.bubble.BubbleView$BubbleHandler
com.jiusg.mainscreenshow.animation.picturewall.PictureWall:
    private int type
    private int number
    public static final int BITMAP_TYPE_ORDER
    public static final int BITMAP_TYPE_RANDOM
    public static final float SCALE_BASE
    69:69:public java.lang.String getPath()
    77:77:public int getRatio()
    109:110:public void setBitmap1(boolean)
    117:118:public void setBitmap2(boolean)
    136:136:public int getType()
    148:148:public int getNumber()
    152:152:public float getRationBL()
    174:175:public void setAlphaB2(int)
    187:188:public void setAlphaB1(int)
    206:206:public android.graphics.Matrix getMatrix()
    210:210:public int getSomeOne()
    214:214:public int getScreenWidth()
    218:218:public int getScreenHeight()
    222:222:public int getAlpha()
    455:455:public int getCount()
com.jiusg.mainscreenshow.animation.picturewall.PictureWallSetting:
    36:36:public boolean isRecourse()
com.jiusg.mainscreenshow.animation.rain.Rain:
    26:26:public int getAlpha()
    30:31:public void setAlpha(int)
    35:35:public float getScale()
    39:40:public void setScale(float)
    48:49:public void setY(int)
    64:65:public void setX(int)
    72:73:public void setBitmap(android.graphics.Bitmap)
com.jiusg.mainscreenshow.animation.rain.RainView:
    29:42:public RainView(android.content.Context)
com.jiusg.mainscreenshow.animation.snow.test
...
com.loopj.android.http.SimpleMultipartEntity
com.loopj.android.http.SimpleMultipartEntity$FilePart
com.loopj.android.http.SyncHttpClient:
    48:49:public SyncHttpClient(int)
    58:59:public SyncHttpClient(int,int)
    69:70:public SyncHttpClient(boolean,int,int)
    78:79:public SyncHttpClient(org.apache.http.conn.scheme.SchemeRegistry)
com.loopj.android.http.TextHttpResponseHandler
com.meizu.mstore.license.ILicensingService$Stub:
    private static final java.lang.String DESCRIPTOR
    static final int TRANSACTION_checkLicense
    13:16:public ILicensingService$Stub()
    34:34:public android.os.IBinder asBinder()
com.meizu.mstore.license.ILicensingService$Stub$Proxy:
    77:77:public java.lang.String getInterfaceDescriptor()
com.meizu.mstore.license.LicenseCheckHelper:
    14:14:public LicenseCheckHelper()
com.meizu.mstore.license.LicenseResult:
    public static final int RESPONSE_CODE_SUCCESS
    public static final int RESPONSE_CODE_ERROR
    public static final int RESPONSE_CODE_NO_LICENSE_FILE
    public static final int PURCHASE_TYPE_TRIAL
    public static final int PURCHASE_TYPE_NORMAL
    public static final int PURCHASE_TYPE_EXPIRE
    57:58:protected void setResponseCode(int)
    70:71:protected void setPurchaseType(int)
    77:85:protected void setSignedDataBytes(byte[],int,int)
    92:100:protected void setSignatureBytes(byte[],int,int)
    117:118:protected void setStartDate(int)
    126:126:public java.util.ArrayList getSubProducts()
    130:131:protected void setSubProducts(java.util.ArrayList)
    146:153:protected LicenseResult(int,int,byte[],byte[],int,java.util.ArrayList)
com.meizu.mstore.license.SubProduct:
    32:32:public java.lang.String getProductId()
    35:36:protected void setProductId(java.lang.String)
    42:42:public int getQuantity()
    45:46:protected void setQuantity(int)
    53:57:public java.util.Calendar getDate()
    60:61:protected void setDate(int)
net.youmi.android.AdBrowser:
    public void a(java.lang.CharSequence)
    public void a(int)
    public void b(java.lang.CharSequence)
    public void b(int)
    public boolean l()
    public boolean c(java.lang.String)
    public boolean a(java.lang.String,byte[])
    public boolean m()
    public boolean a(int,int,float)
net.youmi.android.AdManager:
    public void setEnableDebugLog(boolean)
    public java.lang.String getOnlineConfig(java.lang.String,java.lang.String)
    public java.lang.String syncGetOnlineConfig(java.lang.String,java.lang.String)
    public void asyncGetOnlineConfig(java.lang.String,net.youmi.android.onlineconfig.OnlineConfigCallBack)
    public boolean syncCheckIsReachNtpTime(int,int,int)
    public void asyncCheckIsReachNtpTime(int,int,int,net.youmi.android.onlineconfig.ntp.NtpResultListener)
    public net.youmi.android.update.AppUpdateInfo syncCheckAppUpdate()
    public void asyncCheckAppUpdate(net.youmi.android.update.CheckAppUpdateCallBack)
    public net.youmi.android.update.AppUpdateInfo checkAppUpdate()
    public static void setIsInstallationSuccessTipsDisplayOnNotification(boolean)
    public static void setIsDownloadTipsDisplayOnNotification(boolean)